<?xml version="1.0" encoding="UTF-8"?>
<!-- Generated by org.testng.reporters.JUnitXMLReporter -->
<testsuite hostname="charliechen" name="Test" tests="1" failures="1" timestamp="24 Nov 2016 09:56:14 GMT" time="3.614" errors="0">
  <testcase name="test" time="3.607" classname="com.dji.itester.cases.NewTest">
    <failure type="java.lang.AssertionError" message="expected [200] but found [2000]">
      <![CDATA[java.lang.AssertionError: expected [200] but found [2000]
	at com.dji.itester.cases.NewTest.test(NewTest.java:51)
... Removed 29 stack frames]]>
    </failure>
  </testcase> <!-- test -->
</testsuite> <!-- Test -->
